[2020-05-20 22:29:47] production.ERROR: View path not found. {"exception":"[object] (RuntimeException(code: 0): View path not found. at /application/vendor/laravel/framework/src/Illuminate/Foundation/Console/ViewClearCommand.php:57)
[stacktrace]
#0 [internal function]: Illuminate\\Foundation\\Console\\ViewClearCommand->handle()
#1 /application/vendor/laravel/framework/src/Illuminate/Container/BoundMethod.php(33): call_user_func_array()
#2 /application/vendor/laravel/framework/src/Illuminate/Container/Util.php(36): Illuminate\\Container\\BoundMethod::Illuminate\\Container\\{closure}()
#3 /application/vendor/laravel/framework/src/Illuminate/Container/BoundMethod.php(91): Illuminate\\Container\\Util::unwrapIfClosure()
#4 /application/vendor/laravel/framework/src/Illuminate/Container/BoundMethod.php(35): Illuminate\\Container\\BoundMethod::callBoundMethod()
#5 /application/vendor/laravel/framework/src/Illuminate/Container/Container.php(592): Illuminate\\Container\\BoundMethod::call()
#6 /application/vendor/laravel/framework/src/Illuminate/Console/Command.php(134): Illuminate\\Container\\Container->call()
#7 /application/vendor/symfony/console/Command/Command.php(255): Illuminate\\Console\\Command->execute()
#8 /application/vendor/laravel/framework/src/Illuminate/Console/Command.php(121): Symfony\\Component\\Console\\Command\\Command->run()
#9 /application/vendor/laravel/framework/src/Illuminate/Console/Concerns/CallsCommands.php(56): Illuminate\\Console\\Command->run()
#10 /application/vendor/laravel/framework/src/Illuminate/Console/Concerns/CallsCommands.php(28): Illuminate\\Console\\Command->runCommand()
#11 /application/vendor/laravel/framework/src/Illuminate/Foundation/Console/OptimizeClearCommand.php(30): Illuminate\\Console\\Command->call()
#12 [internal function]: Illuminate\\Foundation\\Console\\OptimizeClearCommand->handle()
#13 /application/vendor/laravel/framework/src/Illuminate/Container/BoundMethod.php(33): call_user_func_array()
#14 /application/vendor/laravel/framework/src/Illuminate/Container/Util.php(36): Illuminate\\Container\\BoundMethod::Illuminate\\Container\\{closure}()
#15 /application/vendor/laravel/framework/src/Illuminate/Container/BoundMethod.php(91): Illuminate\\Container\\Util::unwrapIfClosure()
#16 /application/vendor/laravel/framework/src/Illuminate/Container/BoundMethod.php(35): Illuminate\\Container\\BoundMethod::callBoundMethod()
#17 /application/vendor/laravel/framework/src/Illuminate/Container/Container.php(592): Illuminate\\Container\\BoundMethod::call()
#18 /application/vendor/laravel/framework/src/Illuminate/Console/Command.php(134): Illuminate\\Container\\Container->call()
#19 /application/vendor/symfony/console/Command/Command.php(255): Illuminate\\Console\\Command->execute()
#20 /application/vendor/laravel/framework/src/Illuminate/Console/Command.php(121): Symfony\\Component\\Console\\Command\\Command->run()
#21 /application/vendor/symfony/console/Application.php(912): Illuminate\\Console\\Command->run()
#22 /application/vendor/symfony/console/Application.php(264): Symfony\\Component\\Console\\Application->doRunCommand()
#23 /application/vendor/symfony/console/Application.php(140): Symfony\\Component\\Console\\Application->doRun()
#24 /application/vendor/laravel/framework/src/Illuminate/Console/Application.php(93): Symfony\\Component\\Console\\Application->run()
#25 /application/vendor/laravel/framework/src/Illuminate/Foundation/Console/Kernel.php(129): Illuminate\\Console\\Application->run()
#26 /application/artisan(37): Illuminate\\Foundation\\Console\\Kernel->handle()
#27 {main}
"} 
